  main.cpp
E:\dhmt\final\opengl_demo\include\vector_matrix.h(1,10): warning C4067: unexpected tokens following preprocessor directive - expected a newline
  (compiling source file 'main.cpp')
  
E:\dhmt\final\opengl_demo\main.cpp(270,42): warning C4244: 'argument': conversion from 'double' to 'float', possible loss of data
E:\dhmt\final\opengl_demo\main.cpp(270,78): warning C4244: 'argument': conversion from 'double' to 'float', possible loss of data
E:\dhmt\final\opengl_demo\main.cpp(271,44): warning C4244: 'argument': conversion from 'double' to 'float', possible loss of data
E:\dhmt\final\opengl_demo\main.cpp(272,42): warning C4244: 'argument': conversion from 'double' to 'float', possible loss of data
E:\dhmt\final\opengl_demo\main.cpp(272,78): warning C4244: 'argument': conversion from 'double' to 'float', possible loss of data
E:\dhmt\final\opengl_demo\main.cpp(453,13): warning C4305: 'argument': truncation from 'double' to 'float'
E:\dhmt\final\opengl_demo\main.cpp(453,7): warning C4305: 'argument': truncation from 'double' to 'float'
E:\dhmt\final\opengl_demo\main.cpp(455,33): warning C4305: 'argument': truncation from 'double' to 'float'
E:\dhmt\final\opengl_demo\main.cpp(460,12): warning C4305: 'argument': truncation from 'double' to 'float'
E:\dhmt\final\opengl_demo\main.cpp(460,7): warning C4305: 'argument': truncation from 'double' to 'float'
E:\dhmt\final\opengl_demo\main.cpp(462,33): warning C4305: 'argument': truncation from 'double' to 'float'
E:\dhmt\final\opengl_demo\main.cpp(468,31): warning C4305: 'argument': truncation from 'double' to 'float'
E:\dhmt\final\opengl_demo\main.cpp(473,10): warning C4305: 'argument': truncation from 'double' to 'float'
E:\dhmt\final\opengl_demo\main.cpp(474,24): warning C4305: 'argument': truncation from 'double' to 'float'
E:\dhmt\final\opengl_demo\main.cpp(479,9): warning C4305: 'argument': truncation from 'double' to 'float'
E:\dhmt\final\opengl_demo\main.cpp(480,24): warning C4305: 'argument': truncation from 'double' to 'float'
E:\dhmt\final\opengl_demo\main.cpp(489,21): warning C4244: 'initializing': conversion from 'double' to 'float', possible loss of data
E:\dhmt\final\opengl_demo\main.cpp(490,12): warning C4244: 'argument': conversion from 'double' to 'float', possible loss of data
E:\dhmt\final\opengl_demo\main.cpp(492,33): warning C4305: 'argument': truncation from 'double' to 'float'
E:\dhmt\final\opengl_demo\main.cpp(497,22): warning C4244: 'initializing': conversion from 'double' to 'float', possible loss of data
E:\dhmt\final\opengl_demo\main.cpp(498,11): warning C4244: 'argument': conversion from 'double' to 'float', possible loss of data
E:\dhmt\final\opengl_demo\main.cpp(500,33): warning C4305: 'argument': truncation from 'double' to 'float'
E:\dhmt\final\opengl_demo\main.cpp(530,16): warning C4305: 'argument': truncation from 'double' to 'float'
E:\dhmt\final\opengl_demo\main.cpp(531,27): warning C4305: 'argument': truncation from 'double' to 'float'
E:\dhmt\final\opengl_demo\main.cpp(537,12): warning C4244: 'argument': conversion from 'double' to 'float', possible loss of data
E:\dhmt\final\opengl_demo\main.cpp(545,11): warning C4244: 'argument': conversion from 'double' to 'float', possible loss of data
E:\dhmt\final\opengl_demo\main.cpp(579,10): warning C4305: 'argument': truncation from 'double' to 'float'
E:\dhmt\final\opengl_demo\main.cpp(585,10): warning C4305: 'argument': truncation from 'double' to 'float'
E:\dhmt\final\opengl_demo\main.cpp(586,32): warning C4305: 'argument': truncation from 'double' to 'float'
E:\dhmt\final\opengl_demo\main.cpp(638,55): warning C4244: 'argument': conversion from 'double' to 'float', possible loss of data
E:\dhmt\final\opengl_demo\main.cpp(646,54): warning C4244: 'argument': conversion from 'double' to 'float', possible loss of data
E:\dhmt\final\opengl_demo\main.cpp(753,18): warning C4305: 'argument': truncation from 'double' to 'float'
E:\dhmt\final\opengl_demo\main.cpp(753,12): warning C4305: 'argument': truncation from 'double' to 'float'
E:\dhmt\final\opengl_demo\main.cpp(753,7): warning C4305: 'argument': truncation from 'double' to 'float'
E:\dhmt\final\opengl_demo\main.cpp(754,14): warning C4305: 'argument': truncation from 'double' to 'float'
E:\dhmt\final\opengl_demo\main.cpp(781,22): warning C4244: 'initializing': conversion from 'double' to 'float', possible loss of data
E:\dhmt\final\opengl_demo\main.cpp(996,7): warning C4305: 'argument': truncation from 'double' to 'float'
E:\dhmt\final\opengl_demo\main.cpp(1003,14): warning C4305: 'argument': truncation from 'double' to 'float'
E:\dhmt\final\opengl_demo\main.cpp(1003,7): warning C4305: 'argument': truncation from 'double' to 'float'
E:\dhmt\final\opengl_demo\main.cpp(1027,7): warning C4305: 'argument': truncation from 'double' to 'float'
E:\dhmt\final\opengl_demo\main.cpp(1068,11): warning C4305: 'argument': truncation from 'double' to 'float'
E:\dhmt\final\opengl_demo\main.cpp(1074,11): warning C4305: 'argument': truncation from 'double' to 'float'
E:\dhmt\final\opengl_demo\main.cpp(1081,13): warning C4305: 'argument': truncation from 'double' to 'float'
E:\dhmt\final\opengl_demo\main.cpp(1087,13): warning C4305: 'argument': truncation from 'double' to 'float'
E:\dhmt\final\opengl_demo\main.cpp(1096,10): warning C4305: 'argument': truncation from 'double' to 'float'
E:\dhmt\final\opengl_demo\main.cpp(1102,10): warning C4305: 'argument': truncation from 'double' to 'float'
E:\dhmt\final\opengl_demo\main.cpp(1109,12): warning C4305: 'argument': truncation from 'double' to 'float'
E:\dhmt\final\opengl_demo\main.cpp(1115,12): warning C4305: 'argument': truncation from 'double' to 'float'
E:\dhmt\final\opengl_demo\main.cpp(1192,17): warning C4305: 'argument': truncation from 'double' to 'float'
E:\dhmt\final\opengl_demo\main.cpp(1192,11): warning C4305: 'argument': truncation from 'double' to 'float'
E:\dhmt\final\opengl_demo\main.cpp(1197,17): warning C4305: 'argument': truncation from 'double' to 'float'
E:\dhmt\final\opengl_demo\main.cpp(1197,11): warning C4305: 'argument': truncation from 'double' to 'float'
E:\dhmt\final\opengl_demo\main.cpp(1204,19): warning C4305: 'argument': truncation from 'double' to 'float'
E:\dhmt\final\opengl_demo\main.cpp(1204,13): warning C4305: 'argument': truncation from 'double' to 'float'
E:\dhmt\final\opengl_demo\main.cpp(1209,19): warning C4305: 'argument': truncation from 'double' to 'float'
E:\dhmt\final\opengl_demo\main.cpp(1209,13): warning C4305: 'argument': truncation from 'double' to 'float'
E:\dhmt\final\opengl_demo\main.cpp(1214,16): warning C4305: 'argument': truncation from 'double' to 'float'
E:\dhmt\final\opengl_demo\main.cpp(1214,10): warning C4305: 'argument': truncation from 'double' to 'float'
E:\dhmt\final\opengl_demo\main.cpp(1219,16): warning C4305: 'argument': truncation from 'double' to 'float'
E:\dhmt\final\opengl_demo\main.cpp(1219,10): warning C4305: 'argument': truncation from 'double' to 'float'
E:\dhmt\final\opengl_demo\main.cpp(1226,18): warning C4305: 'argument': truncation from 'double' to 'float'
E:\dhmt\final\opengl_demo\main.cpp(1226,12): warning C4305: 'argument': truncation from 'double' to 'float'
E:\dhmt\final\opengl_demo\main.cpp(1231,18): warning C4305: 'argument': truncation from 'double' to 'float'
E:\dhmt\final\opengl_demo\main.cpp(1231,12): warning C4305: 'argument': truncation from 'double' to 'float'
E:\dhmt\final\opengl_demo\main.cpp(1317,28): warning C4305: '-=': truncation from 'double' to 'float'
E:\dhmt\final\opengl_demo\main.cpp(1331,21): warning C4244: 'initializing': conversion from 'double' to 'float', possible loss of data
E:\dhmt\final\opengl_demo\main.cpp(1571,7): warning C4305: 'argument': truncation from 'double' to 'float'
E:\dhmt\final\opengl_demo\main.cpp(1577,7): warning C4305: 'argument': truncation from 'double' to 'float'
E:\dhmt\final\opengl_demo\main.cpp(1605,10): warning C4305: 'argument': truncation from 'double' to 'float'
E:\dhmt\final\opengl_demo\main.cpp(1607,10): warning C4305: 'argument': truncation from 'double' to 'float'
E:\dhmt\final\opengl_demo\main.cpp(1610,21): warning C4244: 'initializing': conversion from 'int' to 'float', possible loss of data
E:\dhmt\final\opengl_demo\main.cpp(1641,23): warning C4305: '-=': truncation from 'double' to 'float'
E:\dhmt\final\opengl_demo\main.cpp(1740,17): warning C4305: 'argument': truncation from 'double' to 'float'
E:\dhmt\final\opengl_demo\main.cpp(1740,12): warning C4305: 'argument': truncation from 'double' to 'float'
E:\dhmt\final\opengl_demo\main.cpp(1740,7): warning C4305: 'argument': truncation from 'double' to 'float'
E:\dhmt\final\opengl_demo\main.cpp(1747,11): warning C4305: 'argument': truncation from 'double' to 'float'
E:\dhmt\final\opengl_demo\main.cpp(1749,24): warning C4305: 'argument': truncation from 'double' to 'float'
E:\dhmt\final\opengl_demo\main.cpp(1749,18): warning C4305: 'argument': truncation from 'double' to 'float'
E:\dhmt\final\opengl_demo\main.cpp(1755,17): warning C4305: 'argument': truncation from 'double' to 'float'
E:\dhmt\final\opengl_demo\main.cpp(1755,12): warning C4305: 'argument': truncation from 'double' to 'float'
E:\dhmt\final\opengl_demo\main.cpp(1755,7): warning C4305: 'argument': truncation from 'double' to 'float'
E:\dhmt\final\opengl_demo\main.cpp(1761,17): warning C4305: 'argument': truncation from 'double' to 'float'
E:\dhmt\final\opengl_demo\main.cpp(1761,12): warning C4305: 'argument': truncation from 'double' to 'float'
E:\dhmt\final\opengl_demo\main.cpp(1761,7): warning C4305: 'argument': truncation from 'double' to 'float'
E:\dhmt\final\opengl_demo\main.cpp(1767,17): warning C4305: 'argument': truncation from 'double' to 'float'
E:\dhmt\final\opengl_demo\main.cpp(1767,12): warning C4305: 'argument': truncation from 'double' to 'float'
E:\dhmt\final\opengl_demo\main.cpp(1767,7): warning C4305: 'argument': truncation from 'double' to 'float'
E:\dhmt\final\opengl_demo\main.cpp(1773,17): warning C4305: 'argument': truncation from 'double' to 'float'
E:\dhmt\final\opengl_demo\main.cpp(1773,12): warning C4305: 'argument': truncation from 'double' to 'float'
E:\dhmt\final\opengl_demo\main.cpp(1773,7): warning C4305: 'argument': truncation from 'double' to 'float'
E:\dhmt\final\opengl_demo\main.cpp(1783,11): warning C4305: 'argument': truncation from 'double' to 'float'
E:\dhmt\final\opengl_demo\main.cpp(1785,24): warning C4305: 'argument': truncation from 'double' to 'float'
E:\dhmt\final\opengl_demo\main.cpp(1785,18): warning C4305: 'argument': truncation from 'double' to 'float'
E:\dhmt\final\opengl_demo\main.cpp(1789,17): warning C4305: 'argument': truncation from 'double' to 'float'
E:\dhmt\final\opengl_demo\main.cpp(1789,12): warning C4305: 'argument': truncation from 'double' to 'float'
E:\dhmt\final\opengl_demo\main.cpp(1789,7): warning C4305: 'argument': truncation from 'double' to 'float'
E:\dhmt\final\opengl_demo\main.cpp(1795,17): warning C4305: 'argument': truncation from 'double' to 'float'
E:\dhmt\final\opengl_demo\main.cpp(1795,12): warning C4305: 'argument': truncation from 'double' to 'float'
E:\dhmt\final\opengl_demo\main.cpp(1795,7): warning C4305: 'argument': truncation from 'double' to 'float'
E:\dhmt\final\opengl_demo\main.cpp(1801,17): warning C4305: 'argument': truncation from 'double' to 'float'
E:\dhmt\final\opengl_demo\main.cpp(1801,12): warning C4305: 'argument': truncation from 'double' to 'float'
E:\dhmt\final\opengl_demo\main.cpp(1801,7): warning C4305: 'argument': truncation from 'double' to 'float'
E:\dhmt\final\opengl_demo\main.cpp(1807,17): warning C4305: 'argument': truncation from 'double' to 'float'
E:\dhmt\final\opengl_demo\main.cpp(1807,12): warning C4305: 'argument': truncation from 'double' to 'float'
E:\dhmt\final\opengl_demo\main.cpp(1807,7): warning C4305: 'argument': truncation from 'double' to 'float'
E:\dhmt\final\opengl_demo\main.cpp(1813,17): warning C4305: 'argument': truncation from 'double' to 'float'
E:\dhmt\final\opengl_demo\main.cpp(1813,12): warning C4305: 'argument': truncation from 'double' to 'float'
E:\dhmt\final\opengl_demo\main.cpp(1813,7): warning C4305: 'argument': truncation from 'double' to 'float'
E:\dhmt\final\opengl_demo\main.cpp(1822,11): warning C4305: 'argument': truncation from 'double' to 'float'
E:\dhmt\final\opengl_demo\main.cpp(1824,24): warning C4305: 'argument': truncation from 'double' to 'float'
E:\dhmt\final\opengl_demo\main.cpp(1824,18): warning C4305: 'argument': truncation from 'double' to 'float'
E:\dhmt\final\opengl_demo\main.cpp(1828,17): warning C4305: 'argument': truncation from 'double' to 'float'
E:\dhmt\final\opengl_demo\main.cpp(1828,12): warning C4305: 'argument': truncation from 'double' to 'float'
E:\dhmt\final\opengl_demo\main.cpp(1828,7): warning C4305: 'argument': truncation from 'double' to 'float'
E:\dhmt\final\opengl_demo\main.cpp(1834,17): warning C4305: 'argument': truncation from 'double' to 'float'
E:\dhmt\final\opengl_demo\main.cpp(1834,12): warning C4305: 'argument': truncation from 'double' to 'float'
E:\dhmt\final\opengl_demo\main.cpp(1834,7): warning C4305: 'argument': truncation from 'double' to 'float'
E:\dhmt\final\opengl_demo\main.cpp(1840,17): warning C4305: 'argument': truncation from 'double' to 'float'
E:\dhmt\final\opengl_demo\main.cpp(1840,12): warning C4305: 'argument': truncation from 'double' to 'float'
E:\dhmt\final\opengl_demo\main.cpp(1840,7): warning C4305: 'argument': truncation from 'double' to 'float'
E:\dhmt\final\opengl_demo\main.cpp(1846,17): warning C4305: 'argument': truncation from 'double' to 'float'
E:\dhmt\final\opengl_demo\main.cpp(1846,12): warning C4305: 'argument': truncation from 'double' to 'float'
E:\dhmt\final\opengl_demo\main.cpp(1846,7): warning C4305: 'argument': truncation from 'double' to 'float'
E:\dhmt\final\opengl_demo\main.cpp(1852,17): warning C4305: 'argument': truncation from 'double' to 'float'
E:\dhmt\final\opengl_demo\main.cpp(1852,12): warning C4305: 'argument': truncation from 'double' to 'float'
E:\dhmt\final\opengl_demo\main.cpp(1852,7): warning C4305: 'argument': truncation from 'double' to 'float'
E:\dhmt\final\opengl_demo\main.cpp(1883,21): warning C4244: 'initializing': conversion from 'double' to 'float', possible loss of data
E:\dhmt\final\opengl_demo\main.cpp(1884,19): warning C4244: 'initializing': conversion from 'double' to 'float', possible loss of data
E:\dhmt\final\opengl_demo\main.cpp(2011,42): warning C4244: 'argument': conversion from 'double' to 'float', possible loss of data
E:\dhmt\final\opengl_demo\main.cpp(2012,42): warning C4244: 'argument': conversion from 'double' to 'float', possible loss of data
E:\dhmt\final\opengl_demo\main.cpp(2102,42): warning C4305: '-=': truncation from 'double' to 'float'
E:\dhmt\final\opengl_demo\main.cpp(2103,42): warning C4305: '+=': truncation from 'double' to 'float'
E:\dhmt\final\opengl_demo\main.cpp(2104,43): warning C4305: '-=': truncation from 'double' to 'float'
E:\dhmt\final\opengl_demo\main.cpp(2105,43): warning C4305: '+=': truncation from 'double' to 'float'
  opengl_demo.vcxproj -> E:\dhmt\final\x64\Debug\opengl_demo.exe
